2022-02-04T16:17:17+00:00 CRITICAL Uncaught Error: Call to undefined function premmerce_get_product_brand() in /home/k/kagan2nn/domainfortest.space/public_html/wp-content/themes/Custom/woocommerce/content-product.php:21
Stack trace:
#0 /home/k/kagan2nn/domainfortest.space/public_html/wp-includes/template.php(772): require()
#1 /home/k/kagan2nn/domainfortest.space/public_html/wp-content/plugins/woocommerce/includes/wc-core-functions.php(284): load_template('/home/k/kagan2n...', false)
#2 /home/k/kagan2nn/domainfortest.space/public_html/wp-content/themes/Custom/woocommerce/archive-product.php(172): wc_get_template_part('content', 'product')
#3 /home/k/kagan2nn/domainfortest.space/public_html/wp-includes/template-loader.php(106): include('/home/k/kagan2n...')
#4 /home/k/kagan2nn/domainfortest.space/public_html/wp-blog-header.php(19): require_once('/home/k/kagan2n...')
#5 /home/k/kagan2nn/domainfortest.space/public_html/index.php(17): require('/home/k/kagan2n...')
#6 {main}
  thrown в /home/k/kagan2nn/domainfortest.space/public_html/wp-content/themes/Custom/woocommerce/content-product.php на строке 21

2022-02-04T16:17:18+00:00 CRITICAL Uncaught Error: Call to undefined function premmerce_get_product_brand() in /home/k/kagan2nn/domainfortest.space/public_html/wp-content/themes/Custom/woocommerce/content-product.php:21
Stack trace:
#0 /home/k/kagan2nn/domainfortest.space/public_html/wp-includes/template.php(772): require()
#1 /home/k/kagan2nn/domainfortest.space/public_html/wp-content/plugins/woocommerce/includes/wc-core-functions.php(284): load_template('/home/k/kagan2n...', false)
#2 /home/k/kagan2nn/domainfortest.space/public_html/wp-content/themes/Custom/woocommerce/archive-product.php(172): wc_get_template_part('content', 'product')
#3 /home/k/kagan2nn/domainfortest.space/public_html/wp-includes/template-loader.php(106): include('/home/k/kagan2n...')
#4 /home/k/kagan2nn/domainfortest.space/public_html/wp-blog-header.php(19): require_once('/home/k/kagan2n...')
#5 /home/k/kagan2nn/domainfortest.space/public_html/index.php(17): require('/home/k/kagan2n...')
#6 {main}
  thrown в /home/k/kagan2nn/domainfortest.space/public_html/wp-content/themes/Custom/woocommerce/content-product.php на строке 21

2022-02-04T16:17:24+00:00 CRITICAL Uncaught Error: Call to undefined function premmerce_get_product_brand() in /home/k/kagan2nn/domainfortest.space/public_html/wp-content/themes/Custom/woocommerce/content-product.php:21
Stack trace:
#0 /home/k/kagan2nn/domainfortest.space/public_html/wp-includes/template.php(772): require()
#1 /home/k/kagan2nn/domainfortest.space/public_html/wp-content/plugins/woocommerce/includes/wc-core-functions.php(284): load_template('/home/k/kagan2n...', false)
#2 /home/k/kagan2nn/domainfortest.space/public_html/wp-content/themes/Custom/woocommerce/archive-product.php(172): wc_get_template_part('content', 'product')
#3 /home/k/kagan2nn/domainfortest.space/public_html/wp-includes/template-loader.php(106): include('/home/k/kagan2n...')
#4 /home/k/kagan2nn/domainfortest.space/public_html/wp-blog-header.php(19): require_once('/home/k/kagan2n...')
#5 /home/k/kagan2nn/domainfortest.space/public_html/index.php(17): require('/home/k/kagan2n...')
#6 {main}
  thrown в /home/k/kagan2nn/domainfortest.space/public_html/wp-content/themes/Custom/woocommerce/content-product.php на строке 21

2022-02-04T16:17:25+00:00 CRITICAL Uncaught Error: Call to undefined function premmerce_get_product_brand() in /home/k/kagan2nn/domainfortest.space/public_html/wp-content/themes/Custom/woocommerce/content-product.php:21
Stack trace:
#0 /home/k/kagan2nn/domainfortest.space/public_html/wp-includes/template.php(772): require()
#1 /home/k/kagan2nn/domainfortest.space/public_html/wp-content/plugins/woocommerce/includes/wc-core-functions.php(284): load_template('/home/k/kagan2n...', false)
#2 /home/k/kagan2nn/domainfortest.space/public_html/wp-content/themes/Custom/woocommerce/archive-product.php(172): wc_get_template_part('content', 'product')
#3 /home/k/kagan2nn/domainfortest.space/public_html/wp-includes/template-loader.php(106): include('/home/k/kagan2n...')
#4 /home/k/kagan2nn/domainfortest.space/public_html/wp-blog-header.php(19): require_once('/home/k/kagan2n...')
#5 /home/k/kagan2nn/domainfortest.space/public_html/index.php(17): require('/home/k/kagan2n...')
#6 {main}
  thrown в /home/k/kagan2nn/domainfortest.space/public_html/wp-content/themes/Custom/woocommerce/content-product.php на строке 21

2022-02-04T16:17:52+00:00 CRITICAL Uncaught Error: Call to undefined function premmerce_get_product_brand() in /home/k/kagan2nn/domainfortest.space/public_html/wp-content/themes/Custom/woocommerce/content-product.php:21
Stack trace:
#0 /home/k/kagan2nn/domainfortest.space/public_html/wp-includes/template.php(772): require()
#1 /home/k/kagan2nn/domainfortest.space/public_html/wp-content/plugins/woocommerce/includes/wc-core-functions.php(284): load_template('/home/k/kagan2n...', false)
#2 /home/k/kagan2nn/domainfortest.space/public_html/wp-content/themes/Custom/woocommerce/archive-product.php(170): wc_get_template_part('content', 'product')
#3 /home/k/kagan2nn/domainfortest.space/public_html/wp-includes/template-loader.php(106): include('/home/k/kagan2n...')
#4 /home/k/kagan2nn/domainfortest.space/public_html/wp-blog-header.php(19): require_once('/home/k/kagan2n...')
#5 /home/k/kagan2nn/domainfortest.space/public_html/index.php(17): require('/home/k/kagan2n...')
#6 {main}
  thrown в /home/k/kagan2nn/domainfortest.space/public_html/wp-content/themes/Custom/woocommerce/content-product.php на строке 21

2022-02-04T16:17:53+00:00 CRITICAL Uncaught Error: Call to undefined function premmerce_get_product_brand() in /home/k/kagan2nn/domainfortest.space/public_html/wp-content/themes/Custom/woocommerce/content-product.php:21
Stack trace:
#0 /home/k/kagan2nn/domainfortest.space/public_html/wp-includes/template.php(772): require()
#1 /home/k/kagan2nn/domainfortest.space/public_html/wp-content/plugins/woocommerce/includes/wc-core-functions.php(284): load_template('/home/k/kagan2n...', false)
#2 /home/k/kagan2nn/domainfortest.space/public_html/wp-content/themes/Custom/woocommerce/archive-product.php(170): wc_get_template_part('content', 'product')
#3 /home/k/kagan2nn/domainfortest.space/public_html/wp-includes/template-loader.php(106): include('/home/k/kagan2n...')
#4 /home/k/kagan2nn/domainfortest.space/public_html/wp-blog-header.php(19): require_once('/home/k/kagan2n...')
#5 /home/k/kagan2nn/domainfortest.space/public_html/index.php(17): require('/home/k/kagan2n...')
#6 {main}
  thrown в /home/k/kagan2nn/domainfortest.space/public_html/wp-content/themes/Custom/woocommerce/content-product.php на строке 21

2022-02-04T16:17:55+00:00 CRITICAL Uncaught Error: Call to undefined function premmerce_get_product_brand() in /home/k/kagan2nn/domainfortest.space/public_html/wp-content/themes/Custom/woocommerce/content-product.php:21
Stack trace:
#0 /home/k/kagan2nn/domainfortest.space/public_html/wp-includes/template.php(772): require()
#1 /home/k/kagan2nn/domainfortest.space/public_html/wp-content/plugins/woocommerce/includes/wc-core-functions.php(284): load_template('/home/k/kagan2n...', false)
#2 /home/k/kagan2nn/domainfortest.space/public_html/wp-content/themes/Custom/woocommerce/archive-product.php(170): wc_get_template_part('content', 'product')
#3 /home/k/kagan2nn/domainfortest.space/public_html/wp-includes/template-loader.php(106): include('/home/k/kagan2n...')
#4 /home/k/kagan2nn/domainfortest.space/public_html/wp-blog-header.php(19): require_once('/home/k/kagan2n...')
#5 /home/k/kagan2nn/domainfortest.space/public_html/index.php(17): require('/home/k/kagan2n...')
#6 {main}
  thrown в /home/k/kagan2nn/domainfortest.space/public_html/wp-content/themes/Custom/woocommerce/content-product.php на строке 21

2022-02-04T16:17:56+00:00 CRITICAL Uncaught Error: Call to undefined function premmerce_get_product_brand() in /home/k/kagan2nn/domainfortest.space/public_html/wp-content/themes/Custom/woocommerce/content-product.php:21
Stack trace:
#0 /home/k/kagan2nn/domainfortest.space/public_html/wp-includes/template.php(772): require()
#1 /home/k/kagan2nn/domainfortest.space/public_html/wp-content/plugins/woocommerce/includes/wc-core-functions.php(284): load_template('/home/k/kagan2n...', false)
#2 /home/k/kagan2nn/domainfortest.space/public_html/wp-content/themes/Custom/woocommerce/archive-product.php(170): wc_get_template_part('content', 'product')
#3 /home/k/kagan2nn/domainfortest.space/public_html/wp-includes/template-loader.php(106): include('/home/k/kagan2n...')
#4 /home/k/kagan2nn/domainfortest.space/public_html/wp-blog-header.php(19): require_once('/home/k/kagan2n...')
#5 /home/k/kagan2nn/domainfortest.space/public_html/index.php(17): require('/home/k/kagan2n...')
#6 {main}
  thrown в /home/k/kagan2nn/domainfortest.space/public_html/wp-content/themes/Custom/woocommerce/content-product.php на строке 21

2022-02-04T16:18:08+00:00 CRITICAL Uncaught Error: Call to undefined function premmerce_get_product_brand() in /home/k/kagan2nn/domainfortest.space/public_html/wp-content/themes/Custom/woocommerce/content-product.php:21
Stack trace:
#0 /home/k/kagan2nn/domainfortest.space/public_html/wp-includes/template.php(772): require()
#1 /home/k/kagan2nn/domainfortest.space/public_html/wp-content/plugins/woocommerce/includes/wc-core-functions.php(284): load_template('/home/k/kagan2n...', false)
#2 /home/k/kagan2nn/domainfortest.space/public_html/wp-content/themes/Custom/woocommerce/archive-product.php(156): wc_get_template_part('content', 'product')
#3 /home/k/kagan2nn/domainfortest.space/public_html/wp-includes/template-loader.php(106): include('/home/k/kagan2n...')
#4 /home/k/kagan2nn/domainfortest.space/public_html/wp-blog-header.php(19): require_once('/home/k/kagan2n...')
#5 /home/k/kagan2nn/domainfortest.space/public_html/index.php(17): require('/home/k/kagan2n...')
#6 {main}
  thrown в /home/k/kagan2nn/domainfortest.space/public_html/wp-content/themes/Custom/woocommerce/content-product.php на строке 21

2022-02-04T16:18:09+00:00 CRITICAL Uncaught Error: Call to undefined function premmerce_get_product_brand() in /home/k/kagan2nn/domainfortest.space/public_html/wp-content/themes/Custom/woocommerce/content-product.php:21
Stack trace:
#0 /home/k/kagan2nn/domainfortest.space/public_html/wp-includes/template.php(772): require()
#1 /home/k/kagan2nn/domainfortest.space/public_html/wp-content/plugins/woocommerce/includes/wc-core-functions.php(284): load_template('/home/k/kagan2n...', false)
#2 /home/k/kagan2nn/domainfortest.space/public_html/wp-content/themes/Custom/woocommerce/archive-product.php(156): wc_get_template_part('content', 'product')
#3 /home/k/kagan2nn/domainfortest.space/public_html/wp-includes/template-loader.php(106): include('/home/k/kagan2n...')
#4 /home/k/kagan2nn/domainfortest.space/public_html/wp-blog-header.php(19): require_once('/home/k/kagan2n...')
#5 /home/k/kagan2nn/domainfortest.space/public_html/index.php(17): require('/home/k/kagan2n...')
#6 {main}
  thrown в /home/k/kagan2nn/domainfortest.space/public_html/wp-content/themes/Custom/woocommerce/content-product.php на строке 21

2022-02-04T16:31:08+00:00 CRITICAL Uncaught Error: Call to undefined function premmerce_get_product_brand() in /home/k/kagan2nn/domainfortest.space/public_html/wp-content/themes/Custom/woocommerce/content-single-product.php:21
Stack trace:
#0 /home/k/kagan2nn/domainfortest.space/public_html/wp-includes/template.php(772): require()
#1 /home/k/kagan2nn/domainfortest.space/public_html/wp-content/plugins/woocommerce/includes/wc-core-functions.php(284): load_template('/home/k/kagan2n...', false)
#2 /home/k/kagan2nn/domainfortest.space/public_html/wp-content/plugins/woocommerce/templates/single-product.php(37): wc_get_template_part('content', 'single-product')
#3 /home/k/kagan2nn/domainfortest.space/public_html/wp-includes/template-loader.php(106): include('/home/k/kagan2n...')
#4 /home/k/kagan2nn/domainfortest.space/public_html/wp-blog-header.php(19): require_once('/home/k/kagan2n...')
#5 /home/k/kagan2nn/domainfortest.space/public_html/index.php(17): require('/home/k/kagan2n...')
#6 {main}
  thrown в /home/k/kagan2nn/domainfortest.space/public_html/wp-content/themes/Custom/woocommerce/content-single-product.php на строке 21

2022-02-04T16:32:02+00:00 CRITICAL Uncaught Error: Call to undefined function premmerce_get_product_brand() in /home/k/kagan2nn/domainfortest.space/public_html/wp-content/themes/Custom/woocommerce/content-single-product.php:21
Stack trace:
#0 /home/k/kagan2nn/domainfortest.space/public_html/wp-includes/template.php(772): require()
#1 /home/k/kagan2nn/domainfortest.space/public_html/wp-content/plugins/woocommerce/includes/wc-core-functions.php(284): load_template('/home/k/kagan2n...', false)
#2 /home/k/kagan2nn/domainfortest.space/public_html/wp-content/plugins/woocommerce/templates/single-product.php(37): wc_get_template_part('content', 'single-product')
#3 /home/k/kagan2nn/domainfortest.space/public_html/wp-includes/template-loader.php(106): include('/home/k/kagan2n...')
#4 /home/k/kagan2nn/domainfortest.space/public_html/wp-blog-header.php(19): require_once('/home/k/kagan2n...')
#5 /home/k/kagan2nn/domainfortest.space/public_html/index.php(17): require('/home/k/kagan2n...')
#6 {main}
  thrown в /home/k/kagan2nn/domainfortest.space/public_html/wp-content/themes/Custom/woocommerce/content-single-product.php на строке 21

2022-02-04T16:33:00+00:00 CRITICAL Uncaught Error: Call to undefined function premmerce_get_product_brand() in /home/k/kagan2nn/domainfortest.space/public_html/wp-content/themes/Custom/woocommerce/content-single-product.php:21
Stack trace:
#0 /home/k/kagan2nn/domainfortest.space/public_html/wp-includes/template.php(772): require()
#1 /home/k/kagan2nn/domainfortest.space/public_html/wp-content/plugins/woocommerce/includes/wc-core-functions.php(284): load_template('/home/k/kagan2n...', false)
#2 /home/k/kagan2nn/domainfortest.space/public_html/wp-content/plugins/woocommerce/templates/single-product.php(37): wc_get_template_part('content', 'single-product')
#3 /home/k/kagan2nn/domainfortest.space/public_html/wp-includes/template-loader.php(106): include('/home/k/kagan2n...')
#4 /home/k/kagan2nn/domainfortest.space/public_html/wp-blog-header.php(19): require_once('/home/k/kagan2n...')
#5 /home/k/kagan2nn/domainfortest.space/public_html/index.php(17): require('/home/k/kagan2n...')
#6 {main}
  thrown в /home/k/kagan2nn/domainfortest.space/public_html/wp-content/themes/Custom/woocommerce/content-single-product.php на строке 21

